[debug] [2017-11-27T18:00:21.845Z] ----------------------------------------------------------------------
[debug] [2017-11-27T18:00:21.845Z] Command:       C:\Program Files\nodejs\node.exe C:\Users\campo\AppData\Roaming\npm\node_modules\firebase-tools\bin\firebase serve
[debug] [2017-11-27T18:00:21.861Z] CLI Version:   3.14.0
[debug] [2017-11-27T18:00:21.861Z] Platform:      win32
[debug] [2017-11-27T18:00:21.861Z] Node Version:  v6.10.3
[debug] [2017-11-27T18:00:21.861Z] Time:          Mon Nov 27 2017 12:00:21 GMT-0600 (Hora estándar central (México))
[debug] [2017-11-27T18:00:21.861Z] ----------------------------------------------------------------------
[debug] 
[debug] [2017-11-27T18:00:21.897Z] > command requires scopes: ["email","openid","https://www.googleapis.com/auth/cloudplatformprojects.readonly","https://www.googleapis.com/auth/firebase","https://www.googleapis.com/auth/cloud-platform"]
[debug] [2017-11-27T18:00:21.897Z] > authorizing via signed-in user
[debug] [2017-11-27T18:00:21.905Z] > refreshing access token with scopes: ["email","https://www.googleapis.com/auth/cloud-platform","https://www.googleapis.com/auth/cloudplatformprojects.readonly","https://www.googleapis.com/auth/firebase","openid"]
[debug] [2017-11-27T18:00:21.905Z] >>> HTTP REQUEST POST https://www.googleapis.com/oauth2/v3/token { refresh_token: '1/VKe0RjwbFzirdfN9I8cXKqTvvgdXt3eMmy8J2NPY09I',
  client_id: '563584335869-fgrhgmd47bqnekij5i8b5pr03ho849e6.apps.googleusercontent.com',
  client_secret: 'j9iVZfS8kkCEFUPaAeJV0sAi',
  grant_type: 'refresh_token',
  scope: 'email https://www.googleapis.com/auth/cloud-platform https://www.googleapis.com/auth/cloudplatformprojects.readonly https://www.googleapis.com/auth/firebase openid' } 
 Mon Nov 27 2017 12:00:21 GMT-0600 (Hora estándar central (México))
[debug] [2017-11-27T18:00:22.799Z] <<< HTTP RESPONSE 200
[debug] [2017-11-27T18:00:22.862Z] >>> HTTP REQUEST GET https://admin.firebase.com/v1/projects/wedding-planning-2017  
 Mon Nov 27 2017 12:00:22 GMT-0600 (Hora estándar central (México))
[debug] [2017-11-27T18:00:23.677Z] <<< HTTP RESPONSE 200
[debug] [2017-11-27T18:00:23.681Z] >>> HTTP REQUEST GET https://admin.firebase.com/v1/database/wedding-planning-2017/tokens  
 Mon Nov 27 2017 12:00:23 GMT-0600 (Hora estándar central (México))
[debug] [2017-11-27T18:00:24.388Z] <<< HTTP RESPONSE 200
[info] 
[info] === Serving from 'C:\xampp\htdocs\app-partyBridge'...
[info] 
[debug] [2017-11-27T18:00:24.402Z] >>> HTTP REQUEST GET https://cloudresourcemanager.googleapis.com/v1/projects/wedding-planning-2017  
 Mon Nov 27 2017 12:00:24 GMT-0600 (Hora estándar central (México))
[debug] [2017-11-27T18:00:25.082Z] <<< HTTP RESPONSE 200
[debug] [2017-11-27T18:00:25.084Z] >>> HTTP REQUEST GET https://mobilesdk-pa.googleapis.com/v1/projects/383924029598/clients/_:getWebAppConfig  
 Mon Nov 27 2017 12:00:25 GMT-0600 (Hora estándar central (México))
[debug] [2017-11-27T18:00:25.994Z] <<< HTTP RESPONSE 200
[info] i  hosting: Serving hosting files from: public
[info] +  hosting: Local server: http://localhost:5000

